Breakpoint 1, heap_overflow () at src/scenarios/heap_overflow.c:16
16	    strcpy(buffer_2, "BB");
=========================================
Buffers allocated but no data yet:
=========================================
Dumping chunk for buffer_1:
Chunk start:       0x555555559300
PREV_INUSE:        1
IS_MMAPPED:        0
NON_MAIN_ARENA:    0
Previous size:     0
Size:              32
Hex dump:
0x555555559300:	0x0000000000000000
0x555555559308:	0x0000000000000021
0x555555559310:	0x0000000000000000
0x555555559318:	0x0000000000000000
Dumping chunk for buffer_2:
Chunk start:       0x555555559320
PREV_INUSE:        1
IS_MMAPPED:        0
NON_MAIN_ARENA:    0
Previous size:     0
Size:              32
Hex dump:
0x555555559320:	0x0000000000000000
0x555555559328:	0x0000000000000021
0x555555559330:	0x0000000000000000
0x555555559338:	0x0000000000000000
Dumping memory from buffer_2:

0x555555559330:	0x0000000000000000

0x555555559338:	0x0000000000000000
0x555555559340:	0x0000000000000000
0x555555559348:	0x0000000000020cc1
0x555555559350:	0x0000000000000000
0x555555559358:	0x0000000000000000
0x555555559360:	0x0000000000000000
0x555555559368:	0x0000000000000000
0x555555559370:	0x0000000000000000
Continuing...

buffer_1: AAAAAAAAAAAAAAAAAAAAAAAAAAAAAAA
buffer_2: BB

Breakpoint 2, heap_overflow () at src/scenarios/heap_overflow.c:22
22	    strcpy(buffer_2, "BBBBBBBBBBBBBBBBBBBBBBBBBBBBBBB");
=========================================
Buffers loaded with data:
=========================================
Dumping chunk for buffer_1:
Chunk start:       0x555555559300
PREV_INUSE:        1
IS_MMAPPED:        0
NON_MAIN_ARENA:    0
Previous size:     0
Size:              32
Hex dump:
0x555555559300:	0x0000000000000000
0x555555559308:	0x0000000000000021
0x555555559310:	0x4141414141414141
0x555555559318:	0x4141414141414141
Dumping chunk for buffer_2:
Chunk start:       0x555555559320
PREV_INUSE:        1
IS_MMAPPED:        0
NON_MAIN_ARENA:    0
Previous size:     1094795585
Size:              1094795584
Hex dump:
Hex dump truncated to 128 bytes...
0x555555559320:	0x4141414141414141
0x555555559328:	0x0041414141414141
0x555555559330:	0x0000000000004242
0x555555559338:	0x0000000000000000
0x555555559340:	0x0000000000000000
0x555555559348:	0x0000000000000411
0x555555559350:	0x325f726566667562
0x555555559358:	0x4141410a4242203a
0x555555559360:	0x4141414141414141
0x555555559368:	0x4141414141414141
0x555555559370:	0x4141414141414141
0x555555559378:	0x0000000000000a41
0x555555559380:	0x0000000000000000
0x555555559388:	0x0000000000000000
0x555555559390:	0x0000000000000000
0x555555559398:	0x0000000000000000
Continuing...

buffer_1: AAAAAAAAAAAAAAAAAAAAAAAAAAAAAAA
buffer_2: BBBBBBBBBBBBBBBBBBBBBBBBBBBBBBB

Breakpoint 3, heap_overflow () at src/scenarios/heap_overflow.c:27
27	    alloc.m_free(buffer_1);
=========================================
buffer_2 loaded with lots of data:
=========================================
Dumping chunk for buffer_2:
Chunk start:       0x555555559320
PREV_INUSE:        1
IS_MMAPPED:        0
NON_MAIN_ARENA:    0
Previous size:     1094795585
Size:              1094795584
Hex dump:
Hex dump truncated to 128 bytes...
0x555555559320:	0x4141414141414141
0x555555559328:	0x0041414141414141
0x555555559330:	0x4242424242424242
0x555555559338:	0x4242424242424242
0x555555559340:	0x4242424242424242
0x555555559348:	0x0042424242424242
0x555555559350:	0x325f726566667562
0x555555559358:	0x424242424242203a
0x555555559360:	0x4242424242424242
0x555555559368:	0x4242424242424242
0x555555559370:	0x4242424242424242
0x555555559378:	0x0000000000000a42
0x555555559380:	0x0000000000000000
0x555555559388:	0x0000000000000000
0x555555559390:	0x0000000000000000
0x555555559398:	0x0000000000000000
Continuing...

double free or corruption (out)

Program received signal SIGABRT, Aborted.
0x00007ffff7c9890c in ?? () from /usr/lib/libc.so.6
